<?xml version="1.0" encoding="UTF-8"?>
<testsuite name="com.seu.beyondtheboundary.charityplatform.CharityplatformApplicationTests" time="0.058" tests="1" errors="0" skipped="0" failures="0">
  <properties>
    <property name="idea.version" value="2017.3.4"/>
    <property name="java.runtime.name" value="Java(TM) SE Runtime Environment"/>
    <property name="sun.boot.library.path" value="E:\Program Files\Java\jdk1.8.0_101\jre\bin"/>
    <property name="java.vm.version" value="25.101-b13"/>
    <property name="java.vm.vendor" value="Oracle Corporation"/>
    <property name="maven.multiModuleProjectDirectory" value="C:\Users\swing\Desktop\CharityPlatform\CharityPlatform"/>
    <property name="java.vendor.url" value="http://java.oracle.com/"/>
    <property name="path.separator" value=";"/>
    <property name="guice.disable.misplaced.annotation.check" value="true"/>
    <property name="java.vm.name" value="Java HotSpot(TM) 64-Bit Server VM"/>
    <property name="file.encoding.pkg" value="sun.io"/>
    <property name="user.script" value=""/>
    <property name="user.country" value="CN"/>
    <property name="sun.java.launcher" value="SUN_STANDARD"/>
    <property name="sun.os.patch.level" value=""/>
    <property name="java.vm.specification.name" value="Java Virtual Machine Specification"/>
    <property name="user.dir" value="C:\Users\swing\Desktop\CharityPlatform\CharityPlatform"/>
    <property name="java.runtime.version" value="1.8.0_101-b13"/>
    <property name="java.awt.graphicsenv" value="sun.awt.Win32GraphicsEnvironment"/>
    <property name="java.endorsed.dirs" value="E:\Program Files\Java\jdk1.8.0_101\jre\lib\endorsed"/>
    <property name="os.arch" value="amd64"/>
    <property name="java.io.tmpdir" value="C:\Users\swing\AppData\Local\Temp\"/>
    <property name="line.separator" value="&#10;"/>
    <property name="java.vm.specification.vendor" value="Oracle Corporation"/>
    <property name="user.variant" value=""/>
    <property name="os.name" value="Windows 10"/>
    <property name="classworlds.conf" value="E:\Program Files\JetBrains\IntelliJ IDEA 2017.3.4\plugins\maven\lib\maven3\bin\m2.conf"/>
    <property name="sun.jnu.encoding" value="GBK"/>
    <property name="java.library.path" value="E:\Program Files\Java\jdk1.8.0_101\bin;C:\WINDOWS\Sun\Java\bin;C:\WINDOWS\system32;C:\WINDOWS;C:\ProgramData\Oracle\Java\javapath;C:\WINDOWS\system32;C:\WINDOWS;C:\WINDOWS\System32\Wbem;C:\WINDOWS\System32\WindowsPowerShell\v1.0\;E:\Program Files\Java\jdk1.8.0_101\bin;C:\Users\Administrator\AppData\Local\Android\sdk\tools;C:\Users\Administrator\AppData\Local\Android\sdk\platform-tools;C:\Users\swing\AppData\Local\Programs\Python\Python35;C:\Users\swing\AppData\Local\Programs\Python\Python35\Scripts\;E:\Program Files\Git\cmd;E:\Program Files\CTEX\UserData\miktex\bin;E:\Program Files\CTEX\MiKTeX\miktex\bin;E:\Program Files\CTEX\CTeX\ctex\bin;E:\Program Files\CTEX\CTeX\cct\bin;E:\Program Files\CTEX\CTeX\ty\bin;E:\Program Files\CTEX\Ghostscript\gs9.05\bin;E:\Program Files\CTEX\GSview\gsview;E:\Program Files\CTEX\WinEdt;C:\MinGW\bin;C:\WINDOWS\system32\config\systemprofile\.dnx\bin;C:\Program Files\Microsoft DNX\Dnvm\;C:\Program Files (x86)\Windows Kits\8.1\Windows Performance Toolkit\;E:\Program Files\android-studio\gradle\gradle-3.3\bin;E:\Program Files\nodejs\;E:\Program Files\MATLAB\R2016a\runtime\win64;E:\Program Files\MATLAB\R2016a\bin;E:\Program Files\MATLAB\R2016a\polyspace\bin;E:\Program Files\Java\jdk1.8.0_101\jre\bin;D:\apache-maven-3.5.2\bin;D:\apache-tomcat-9.0.5\bin;D:\mysql-5.6.26-winx64\bin;C:\Users\swing\AppData\Local\Microsoft\WindowsApps;C:\Users\swing\AppData\Local\GitHubDesktop\bin;."/>
    <property name="java.specification.name" value="Java Platform API Specification"/>
    <property name="java.class.version" value="52.0"/>
    <property name="sun.management.compiler" value="HotSpot 64-Bit Tiered Compilers"/>
    <property name="os.version" value="10.0"/>
    <property name="user.home" value="C:\Users\swing"/>
    <property name="user.timezone" value="Asia/Shanghai"/>
    <property name="java.awt.printerjob" value="sun.awt.windows.WPrinterJob"/>
    <property name="java.specification.version" value="1.8"/>
    <property name="file.encoding" value="UTF-8"/>
    <property name="user.name" value="swing"/>
    <property name="java.class.path" value="E:\Program Files\JetBrains\IntelliJ IDEA 2017.3.4\plugins\maven\lib\maven3\boot\plexus-classworlds-2.5.2.jar;E:\Program Files\JetBrains\IntelliJ IDEA 2017.3.4\lib\idea_rt.jar"/>
    <property name="java.vm.specification.version" value="1.8"/>
    <property name="sun.arch.data.model" value="64"/>
    <property name="java.home" value="E:\Program Files\Java\jdk1.8.0_101\jre"/>
    <property name="sun.java.command" value="org.codehaus.classworlds.Launcher -Didea.version=2017.3.4 package"/>
    <property name="java.specification.vendor" value="Oracle Corporation"/>
    <property name="user.language" value="zh"/>
    <property name="awt.toolkit" value="sun.awt.windows.WToolkit"/>
    <property name="java.vm.info" value="mixed mode"/>
    <property name="java.version" value="1.8.0_101"/>
    <property name="java.ext.dirs" value="E:\Program Files\Java\jdk1.8.0_101\jre\lib\ext;C:\WINDOWS\Sun\Java\lib\ext"/>
    <property name="sun.boot.class.path" value="E:\Program Files\Java\jdk1.8.0_101\jre\lib\resources.jar;E:\Program Files\Java\jdk1.8.0_101\jre\lib\rt.jar;E:\Program Files\Java\jdk1.8.0_101\jre\lib\sunrsasign.jar;E:\Program Files\Java\jdk1.8.0_101\jre\lib\jsse.jar;E:\Program Files\Java\jdk1.8.0_101\jre\lib\jce.jar;E:\Program Files\Java\jdk1.8.0_101\jre\lib\charsets.jar;E:\Program Files\Java\jdk1.8.0_101\jre\lib\jfr.jar;E:\Program Files\Java\jdk1.8.0_101\jre\classes"/>
    <property name="java.vendor" value="Oracle Corporation"/>
    <property name="maven.home" value="E:\Program Files\JetBrains\IntelliJ IDEA 2017.3.4\plugins\maven\lib\maven3"/>
    <property name="file.separator" value="\"/>
    <property name="java.vendor.url.bug" value="http://bugreport.sun.com/bugreport/"/>
    <property name="sun.cpu.endian" value="little"/>
    <property name="sun.io.unicode.encoding" value="UnicodeLittle"/>
    <property name="sun.desktop" value="windows"/>
    <property name="sun.cpu.isalist" value="amd64"/>
  </properties>
  <testcase name="contextLoads" classname="com.seu.beyondtheboundary.charityplatform.CharityplatformApplicationTests" time="0.058"/>
</testsuite>